TN:
SF:routes\admin.js
FN:16,(anonymous_0)
FN:28,(anonymous_1)
FN:34,(anonymous_2)
FN:35,(anonymous_3)
FN:76,(anonymous_4)
FN:94,(anonymous_5)
FN:151,(anonymous_6)
FN:193,(anonymous_7)
FN:211,(anonymous_8)
FN:238,(anonymous_9)
FN:257,(anonymous_10)
FNF:11
FNH:0
FNDA:0,(anonymous_0)
FNDA:0,(anonymous_1)
FNDA:0,(anonymous_2)
FNDA:0,(anonymous_3)
FNDA:0,(anonymous_4)
FNDA:0,(anonymous_5)
FNDA:0,(anonymous_6)
FNDA:0,(anonymous_7)
FNDA:0,(anonymous_8)
FNDA:0,(anonymous_9)
FNDA:0,(anonymous_10)
DA:10,0
DA:16,0
DA:17,0
DA:19,0
DA:20,0
DA:21,0
DA:23,0
DA:24,0
DA:28,0
DA:29,0
DA:30,0
DA:34,0
DA:35,0
DA:36,0
DA:37,0
DA:40,0
DA:43,0
DA:45,0
DA:46,0
DA:50,0
DA:51,0
DA:53,0
DA:54,0
DA:58,0
DA:59,0
DA:62,0
DA:67,0
DA:70,0
DA:76,0
DA:77,0
DA:78,0
DA:79,0
DA:81,0
DA:84,0
DA:87,0
DA:89,0
DA:90,0
DA:94,0
DA:95,0
DA:96,0
DA:97,0
DA:100,0
DA:101,0
DA:103,0
DA:104,0
DA:108,0
DA:109,0
DA:112,0
DA:113,0
DA:114,0
DA:115,0
DA:116,0
DA:118,0
DA:119,0
DA:123,0
DA:129,0
DA:135,0
DA:142,0
DA:144,0
DA:145,0
DA:151,0
DA:152,0
DA:153,0
DA:156,0
DA:159,0
DA:161,0
DA:162,0
DA:166,0
DA:167,0
DA:169,0
DA:170,0
DA:174,0
DA:175,0
DA:178,0
DA:183,0
DA:186,0
DA:193,0
DA:194,0
DA:195,0
DA:196,0
DA:198,0
DA:201,0
DA:203,0
DA:205,0
DA:206,0
DA:211,0
DA:212,0
DA:214,0
DA:215,0
DA:217,0
DA:218,0
DA:221,0
DA:228,0
DA:230,0
DA:231,0
DA:233,0
DA:238,0
DA:239,0
DA:240,0
DA:241,0
DA:243,0
DA:244,0
DA:246,0
DA:247,0
DA:249,0
DA:252,0
DA:253,0
DA:257,0
DA:258,0
DA:259,0
DA:260,0
DA:262,0
DA:263,0
DA:265,0
DA:266,0
DA:268,0
DA:271,0
DA:272,0
LF:118
LH:0
BRDA:45,0,0,0
BRDA:45,0,1,0
BRDA:45,1,0,0
BRDA:45,1,1,0
BRDA:51,2,0,0
BRDA:51,2,1,0
BRDA:53,3,0,0
BRDA:53,3,1,0
BRDA:77,4,0,0
BRDA:77,4,1,0
BRDA:103,5,0,0
BRDA:103,5,1,0
BRDA:103,6,0,0
BRDA:103,6,1,0
BRDA:109,7,0,0
BRDA:109,7,1,0
BRDA:113,8,0,0
BRDA:113,8,1,0
BRDA:113,9,0,0
BRDA:113,9,1,0
BRDA:114,10,0,0
BRDA:114,10,1,0
BRDA:161,11,0,0
BRDA:161,11,1,0
BRDA:167,12,0,0
BRDA:167,12,1,0
BRDA:169,13,0,0
BRDA:169,13,1,0
BRDA:194,14,0,0
BRDA:194,14,1,0
BRDA:217,15,0,0
BRDA:217,15,1,0
BRDA:223,16,0,0
BRDA:223,16,1,0
BRDA:224,17,0,0
BRDA:224,17,1,0
BRDA:230,18,0,0
BRDA:230,18,1,0
BRDA:246,19,0,0
BRDA:246,19,1,0
BRDA:265,20,0,0
BRDA:265,20,1,0
BRF:42
BRH:0
end_of_record
TN:
SF:routes\members.js
FN:20,(anonymous_0)
FN:26,(anonymous_1)
FN:109,(anonymous_2)
FN:169,(anonymous_3)
FN:210,(anonymous_4)
FN:227,(anonymous_5)
FN:295,(anonymous_6)
FN:337,(anonymous_7)
FN:365,(anonymous_8)
FN:406,(anonymous_9)
FN:413,(anonymous_10)
FN:434,(anonymous_11)
FN:455,(anonymous_12)
FN:475,(anonymous_13)
FNF:14
FNH:0
FNDA:0,(anonymous_0)
FNDA:0,(anonymous_1)
FNDA:0,(anonymous_2)
FNDA:0,(anonymous_3)
FNDA:0,(anonymous_4)
FNDA:0,(anonymous_5)
FNDA:0,(anonymous_6)
FNDA:0,(anonymous_7)
FNDA:0,(anonymous_8)
FNDA:0,(anonymous_9)
FNDA:0,(anonymous_10)
FNDA:0,(anonymous_11)
FNDA:0,(anonymous_12)
FNDA:0,(anonymous_13)
DA:10,0
DA:16,0
DA:20,0
DA:21,0
DA:22,0
DA:26,0
DA:27,0
DA:28,0
DA:31,0
DA:32,0
DA:36,0
DA:37,0
DA:40,0
DA:41,0
DA:47,0
DA:48,0
DA:53,0
DA:56,0
DA:57,0
DA:58,0
DA:61,0
DA:64,0
DA:67,0
DA:83,0
DA:86,0
DA:102,0
DA:104,0
DA:105,0
DA:109,0
DA:169,0
DA:170,0
DA:171,0
DA:174,0
DA:177,0
DA:179,0
DA:180,0
DA:184,0
DA:185,0
DA:187,0
DA:188,0
DA:192,0
DA:193,0
DA:196,0
DA:201,0
DA:204,0
DA:210,0
DA:211,0
DA:212,0
DA:213,0
DA:215,0
DA:218,0
DA:221,0
DA:223,0
DA:224,0
DA:227,0
DA:228,0
DA:229,0
DA:230,0
DA:233,0
DA:234,0
DA:236,0
DA:237,0
DA:241,0
DA:242,0
DA:245,0
DA:246,0
DA:247,0
DA:248,0
DA:249,0
DA:251,0
DA:252,0
DA:258,0
DA:264,0
DA:271,0
DA:286,0
DA:288,0
DA:289,0
DA:295,0
DA:296,0
DA:297,0
DA:300,0
DA:303,0
DA:305,0
DA:306,0
DA:310,0
DA:311,0
DA:313,0
DA:314,0
DA:318,0
DA:319,0
DA:322,0
DA:327,0
DA:330,0
DA:337,0
DA:338,0
DA:339,0
DA:340,0
DA:342,0
DA:345,0
DA:347,0
DA:349,0
DA:350,0
DA:356,0
DA:357,0
DA:365,0
DA:366,0
DA:368,0
DA:369,0
DA:371,0
DA:372,0
DA:375,0
DA:387,0
DA:389,0
DA:391,0
DA:393,0
DA:396,0
DA:398,0
DA:399,0
DA:401,0
DA:406,0
DA:407,0
DA:408,0
DA:409,0
DA:413,0
DA:414,0
DA:415,0
DA:416,0
DA:418,0
DA:419,0
DA:421,0
DA:422,0
DA:424,0
DA:427,0
DA:428,0
DA:434,0
DA:435,0
DA:436,0
DA:437,0
DA:439,0
DA:441,0
DA:442,0
DA:444,0
DA:447,0
DA:448,0
DA:455,0
DA:456,0
DA:457,0
DA:458,0
DA:460,0
DA:461,0
DA:463,0
DA:464,0
DA:466,0
DA:469,0
DA:470,0
DA:475,0
DA:476,0
DA:477,0
DA:478,0
DA:481,0
DA:482,0
DA:484,0
DA:485,0
DA:489,0
DA:490,0
DA:492,0
DA:493,0
DA:496,0
DA:497,0
DA:498,0
DA:501,0
DA:504,0
DA:505,0
DA:510,0
DA:512,0
DA:513,0
LF:176
LH:0
BRDA:31,0,0,0
BRDA:31,0,1,0
BRDA:31,1,0,0
BRDA:31,1,1,0
BRDA:31,1,2,0
BRDA:31,1,3,0
BRDA:31,1,4,0
BRDA:31,1,5,0
BRDA:31,1,6,0
BRDA:31,1,7,0
BRDA:31,1,8,0
BRDA:31,1,9,0
BRDA:31,1,10,0
BRDA:40,2,0,0
BRDA:40,2,1,0
BRDA:47,3,0,0
BRDA:47,3,1,0
BRDA:74,4,0,0
BRDA:74,4,1,0
BRDA:75,5,0,0
BRDA:75,5,1,0
BRDA:76,6,0,0
BRDA:76,6,1,0
BRDA:78,7,0,0
BRDA:78,7,1,0
BRDA:179,8,0,0
BRDA:179,8,1,0
BRDA:179,9,0,0
BRDA:179,9,1,0
BRDA:185,10,0,0
BRDA:185,10,1,0
BRDA:187,11,0,0
BRDA:187,11,1,0
BRDA:211,12,0,0
BRDA:211,12,1,0
BRDA:236,13,0,0
BRDA:236,13,1,0
BRDA:236,14,0,0
BRDA:236,14,1,0
BRDA:242,15,0,0
BRDA:242,15,1,0
BRDA:246,16,0,0
BRDA:246,16,1,0
BRDA:246,17,0,0
BRDA:246,17,1,0
BRDA:247,18,0,0
BRDA:247,18,1,0
BRDA:305,19,0,0
BRDA:305,19,1,0
BRDA:311,20,0,0
BRDA:311,20,1,0
BRDA:313,21,0,0
BRDA:313,21,1,0
BRDA:338,22,0,0
BRDA:338,22,1,0
BRDA:371,23,0,0
BRDA:371,23,1,0
BRDA:377,24,0,0
BRDA:377,24,1,0
BRDA:378,25,0,0
BRDA:378,25,1,0
BRDA:379,26,0,0
BRDA:379,26,1,0
BRDA:380,27,0,0
BRDA:380,27,1,0
BRDA:381,28,0,0
BRDA:381,28,1,0
BRDA:382,29,0,0
BRDA:382,29,1,0
BRDA:387,30,0,0
BRDA:387,30,1,0
BRDA:387,31,0,0
BRDA:387,31,1,0
BRDA:391,32,0,0
BRDA:391,32,1,0
BRDA:398,33,0,0
BRDA:398,33,1,0
BRDA:421,34,0,0
BRDA:421,34,1,0
BRDA:441,35,0,0
BRDA:441,35,1,0
BRDA:463,36,0,0
BRDA:463,36,1,0
BRDA:484,37,0,0
BRDA:484,37,1,0
BRDA:492,38,0,0
BRDA:492,38,1,0
BRF:87
BRH:0
end_of_record
